2020.10.11 21:22:34 INFO  started: Metals version 0.9.2 in workspace '/home/eisti/RessourceProjetWiki' for client vscode.
2020.10.11 21:22:37 INFO  time: initialize in 2.8s
2020.10.11 21:22:41 WARN  no build tool detected in workspace '/home/eisti/RessourceProjetWiki'. The most common cause for this problem is that the editor was opened in the wrong working directory, for example if you use sbt then the workspace directory should contain build.sbt. 
2020.10.11 21:23:49 INFO  no build target: using presentation compiler with only scala-library
2020.10.11 21:24:00 WARN  no build target for: /home/eisti/ING 2/Programmation/Entrainement/TD2/src/main/scala/test.scala
2020.10.11 21:24:21 WARN  no build target for: /home/eisti/ING 2/Programmation/Entrainement/TD2/src/main/scala/test.scala
2020.10.11 21:26:19 WARN  no build target for: /home/eisti/ING 2/Programmation/Entrainement/TD2/src/main/scala/maClass.scala
2020.10.11 21:26:19 WARN  no build target for: /home/eisti/ING 2/Programmation/Entrainement/TD2/src/main/scala/maClass.scala
Oct 11, 2020 9:27:11 PM org.eclipse.lsp4j.jsonrpc.RemoteEndpoint handleCancellation
WARNING: Unmatched cancel notification for request id 19
2020.10.11 21:30:17 INFO  shutting down Metals
2020.10.11 21:31:14 INFO  started: Metals version 0.9.4 in workspace '/home/eisti/RessourceProjetWiki' for client vscode.
2020.10.11 21:31:16 INFO  time: initialize in 1.66s
2020.10.11 21:31:17 WARN  no build tool detected in workspace '/home/eisti/RessourceProjetWiki'. The most common cause for this problem is that the editor was opened in the wrong working directory, for example if you use sbt then the workspace directory should contain build.sbt. 
2020.10.11 21:31:21 INFO  no build target: using presentation compiler with only scala-library
2020.10.11 21:31:21 WARN  no build target for: /home/eisti/ING 2/Programmation/Entrainement/TD2/src/main/scala/test.scala
2020.10.11 21:31:21 WARN  no build target for: /home/eisti/ING 2/Programmation/Entrainement/TD2/src/main/scala/maClass.scala
2020.10.11 21:31:54 WARN  no build target for: /home/eisti/ING 2/Programmation/Entrainement/TD2/src/main/scala/maClass.scala
2020.10.11 21:32:39 WARN  no build target for: /home/eisti/ING 2/Programmation/Entrainement/TD2/src/main/scala/test.scala
Oct 11, 2020 9:33:59 PM org.eclipse.lsp4j.jsonrpc.RemoteEndpoint handleCancellation
WARNING: Unmatched cancel notification for request id 286
2020.10.11 21:34:08 WARN  no build target for: /home/eisti/ING 2/Programmation/Entrainement/TD2/src/main/scala/test.scala
2020.10.11 21:35:56 WARN  no build target for: /home/eisti/ING 2/Programmation/Entrainement/TD2/src/main/scala/test.scala
2020.10.11 21:36:02 WARN  no build target for: /home/eisti/ING 2/Programmation/Entrainement/TD2/src/main/scala/maClass.scala
2020.10.11 21:44:30 WARN  no build target for: /home/eisti/ING 2/Programmation/Entrainement/TD2/src/main/scala/maClass.scala
2020.10.11 21:44:45 WARN  no build target for: /home/eisti/ING 2/Programmation/Entrainement/TD2/src/main/scala/maClass.scala
2020.10.11 21:45:13 WARN  no build target for: /home/eisti/ING 2/Programmation/Entrainement/TD2/src/main/scala/test.scala
2020.10.11 21:46:54 WARN  no build target for: /home/eisti/ING 2/Programmation/Entrainement/TD2/src/main/scala/maClass.scala
2020.10.11 21:47:28 WARN  no build target for: /home/eisti/ING 2/Programmation/Entrainement/TD2/src/main/scala/maClass.scala
2020.10.11 21:47:59 WARN  no build target for: /home/eisti/ING 2/Programmation/Entrainement/TD2/src/main/scala/maClass.scala
2020.10.11 21:49:16 WARN  no build target for: /home/eisti/ING 2/Programmation/Entrainement/TD2/src/main/scala/maClass.scala
2020.10.11 21:49:44 WARN  no build target for: /home/eisti/ING 2/Programmation/Entrainement/TD2/src/main/scala/maClass.scala
2020.10.11 21:50:49 WARN  no build target for: /home/eisti/ING 2/Programmation/Entrainement/TD2/src/main/scala/maClass.scala
2020.10.11 21:53:25 WARN  no build target for: /home/eisti/ING 2/Programmation/Entrainement/TD2/src/main/scala/maClass.scala
2020.10.11 21:53:31 WARN  no build target for: /home/eisti/ING 2/Programmation/Entrainement/TD2/src/main/scala/maClass.scala
2020.10.11 21:54:18 WARN  no build target for: /home/eisti/ING 2/Programmation/Entrainement/TD2/src/main/scala/maClass.scala
2020.10.11 21:54:49 WARN  no build target for: /home/eisti/ING 2/Programmation/Entrainement/TD2/src/main/scala/maClass.scala
2020.10.11 21:55:21 WARN  no build target for: /home/eisti/ING 2/Programmation/Entrainement/TD2/src/main/scala/maClass.scala
2020.10.11 21:55:45 WARN  no build target for: /home/eisti/ING 2/Programmation/Entrainement/TD2/src/main/scala/maClass.scala
2020.10.11 21:55:58 WARN  no build target for: /home/eisti/ING 2/Programmation/Entrainement/TD2/src/main/scala/maClass.scala
Oct 11, 2020 9:56:27 PM scala.meta.internal.pc.completions.Completions completionPosition
SEVERE: null
java.lang.NullPointerException
	at scala.meta.internal.pc.completions.OverrideCompletions$OverrideCompletion.<init>(OverrideCompletions.scala:46)
	at scala.meta.internal.pc.completions.Completions.completionPositionUnsafe(Completions.scala:500)
	at scala.meta.internal.pc.completions.Completions.completionPositionUnsafe$(Completions.scala:409)
	at scala.meta.internal.pc.MetalsGlobal.completionPositionUnsafe(MetalsGlobal.scala:29)
	at scala.meta.internal.pc.completions.Completions.completionPosition(Completions.scala:401)
	at scala.meta.internal.pc.completions.Completions.completionPosition$(Completions.scala:386)
	at scala.meta.internal.pc.MetalsGlobal.completionPosition(MetalsGlobal.scala:29)
	at scala.meta.internal.pc.CompletionProvider.safeCompletionsAt(CompletionProvider.scala:444)
	at scala.meta.internal.pc.CompletionProvider.completions(CompletionProvider.scala:57)
	at scala.meta.internal.pc.ScalaPresentationCompiler.$anonfun$complete$1(ScalaPresentationCompiler.scala:184)
	at scala.meta.internal.pc.CompilerAccess.withSharedCompiler(CompilerAccess.scala:137)
	at scala.meta.internal.pc.CompilerAccess.$anonfun$withInterruptableCompiler$1(CompilerAccess.scala:87)
	at scala.meta.internal.pc.CompilerAccess.$anonfun$onCompilerJobQueue$1(CompilerAccess.scala:197)
	at scala.meta.internal.pc.CompilerJobQueue$Job.run(CompilerJobQueue.scala:103)
	at java.base/java.util.concurrent.ThreadPoolExecutor.runWorker(ThreadPoolExecutor.java:1128)
	at java.base/java.util.concurrent.ThreadPoolExecutor$Worker.run(ThreadPoolExecutor.java:628)
	at java.base/java.lang.Thread.run(Thread.java:834)

Oct 11, 2020 9:56:27 PM scala.meta.internal.pc.completions.Completions completionPosition
SEVERE: null
java.lang.NullPointerException
	at scala.meta.internal.pc.completions.OverrideCompletions$OverrideCompletion.<init>(OverrideCompletions.scala:46)
	at scala.meta.internal.pc.completions.Completions.completionPositionUnsafe(Completions.scala:500)
	at scala.meta.internal.pc.completions.Completions.completionPositionUnsafe$(Completions.scala:409)
	at scala.meta.internal.pc.MetalsGlobal.completionPositionUnsafe(MetalsGlobal.scala:29)
	at scala.meta.internal.pc.completions.Completions.completionPosition(Completions.scala:401)
	at scala.meta.internal.pc.completions.Completions.completionPosition$(Completions.scala:386)
	at scala.meta.internal.pc.MetalsGlobal.completionPosition(MetalsGlobal.scala:29)
	at scala.meta.internal.pc.CompletionProvider.safeCompletionsAt(CompletionProvider.scala:444)
	at scala.meta.internal.pc.CompletionProvider.completions(CompletionProvider.scala:57)
	at scala.meta.internal.pc.ScalaPresentationCompiler.$anonfun$complete$1(ScalaPresentationCompiler.scala:184)
	at scala.meta.internal.pc.CompilerAccess.withSharedCompiler(CompilerAccess.scala:137)
	at scala.meta.internal.pc.CompilerAccess.$anonfun$withInterruptableCompiler$1(CompilerAccess.scala:87)
	at scala.meta.internal.pc.CompilerAccess.$anonfun$onCompilerJobQueue$1(CompilerAccess.scala:197)
	at scala.meta.internal.pc.CompilerJobQueue$Job.run(CompilerJobQueue.scala:103)
	at java.base/java.util.concurrent.ThreadPoolExecutor.runWorker(ThreadPoolExecutor.java:1128)
	at java.base/java.util.concurrent.ThreadPoolExecutor$Worker.run(ThreadPoolExecutor.java:628)
	at java.base/java.lang.Thread.run(Thread.java:834)

Oct 11, 2020 9:56:28 PM scala.meta.internal.pc.completions.Completions completionPosition
SEVERE: null
java.lang.NullPointerException
	at scala.meta.internal.pc.completions.OverrideCompletions$OverrideCompletion.<init>(OverrideCompletions.scala:46)
	at scala.meta.internal.pc.completions.Completions.completionPositionUnsafe(Completions.scala:500)
	at scala.meta.internal.pc.completions.Completions.completionPositionUnsafe$(Completions.scala:409)
	at scala.meta.internal.pc.MetalsGlobal.completionPositionUnsafe(MetalsGlobal.scala:29)
	at scala.meta.internal.pc.completions.Completions.completionPosition(Completions.scala:401)
	at scala.meta.internal.pc.completions.Completions.completionPosition$(Completions.scala:386)
	at scala.meta.internal.pc.MetalsGlobal.completionPosition(MetalsGlobal.scala:29)
	at scala.meta.internal.pc.CompletionProvider.safeCompletionsAt(CompletionProvider.scala:444)
	at scala.meta.internal.pc.CompletionProvider.completions(CompletionProvider.scala:57)
	at scala.meta.internal.pc.ScalaPresentationCompiler.$anonfun$complete$1(ScalaPresentationCompiler.scala:184)
	at scala.meta.internal.pc.CompilerAccess.withSharedCompiler(CompilerAccess.scala:137)
	at scala.meta.internal.pc.CompilerAccess.$anonfun$withInterruptableCompiler$1(CompilerAccess.scala:87)
	at scala.meta.internal.pc.CompilerAccess.$anonfun$onCompilerJobQueue$1(CompilerAccess.scala:197)
	at scala.meta.internal.pc.CompilerJobQueue$Job.run(CompilerJobQueue.scala:103)
	at java.base/java.util.concurrent.ThreadPoolExecutor.runWorker(ThreadPoolExecutor.java:1128)
	at java.base/java.util.concurrent.ThreadPoolExecutor$Worker.run(ThreadPoolExecutor.java:628)
	at java.base/java.lang.Thread.run(Thread.java:834)

2020.10.11 21:56:30 WARN  no build target for: /home/eisti/ING 2/Programmation/Entrainement/TD2/src/main/scala/maClass.scala
2020.10.11 21:56:39 WARN  no build target for: /home/eisti/ING 2/Programmation/Entrainement/TD2/src/main/scala/maClass.scala
2020.10.11 21:58:00 WARN  no build target for: /home/eisti/ING 2/Programmation/Entrainement/TD2/src/main/scala/maClass.scala
2020.10.11 22:03:23 WARN  no build target for: /home/eisti/ING 2/Programmation/Entrainement/TD2/src/main/scala/maClass.scala
2020.10.11 22:03:25 INFO  shutting down Metals
2020.10.11 22:05:08 INFO  started: Metals version 0.9.4 in workspace '/home/eisti/RessourceProjetWiki' for client vscode.
2020.10.11 22:05:09 INFO  time: initialize in 1.38s
2020.10.11 22:05:10 WARN  no build tool detected in workspace '/home/eisti/RessourceProjetWiki'. The most common cause for this problem is that the editor was opened in the wrong working directory, for example if you use sbt then the workspace directory should contain build.sbt. 
2020.10.11 22:05:13 INFO  no build target: using presentation compiler with only scala-library
2020.10.11 22:05:13 WARN  no build target for: /home/eisti/ING 2/Programmation/Entrainement/TD2/src/main/scala/maClass.scala
Oct 11, 2020 10:05:13 PM org.eclipse.lsp4j.jsonrpc.RemoteEndpoint handleCancellation
WARNING: Unmatched cancel notification for request id 4
Oct 11, 2020 10:05:13 PM org.eclipse.lsp4j.jsonrpc.RemoteEndpoint handleCancellation
WARNING: Unmatched cancel notification for request id 7
Oct 11, 2020 10:05:13 PM org.eclipse.lsp4j.jsonrpc.RemoteEndpoint handleCancellation
WARNING: Unmatched cancel notification for request id 6
Oct 11, 2020 10:11:37 PM scala.meta.internal.pc.CompilerAccess handleError
SEVERE: offset 648, count -2, length 669
java.lang.StringIndexOutOfBoundsException: offset 648, count -2, length 669
	at java.base/java.lang.String.checkBoundsOffCount(String.java:3304)
	at java.base/java.lang.String.rangeCheck(String.java:280)
	at java.base/java.lang.String.<init>(String.java:276)
	at scala.tools.nsc.interactive.Global.typeCompletions$1(Global.scala:1230)
	at scala.tools.nsc.interactive.Global.completionsAt(Global.scala:1253)
	at scala.meta.internal.pc.SignatureHelpProvider.$anonfun$treeSymbol$1(SignatureHelpProvider.scala:376)
	at scala.Option.map(Option.scala:230)
	at scala.meta.internal.pc.SignatureHelpProvider.treeSymbol(SignatureHelpProvider.scala:374)
	at scala.meta.internal.pc.SignatureHelpProvider$MethodCall$.unapply(SignatureHelpProvider.scala:199)
	at scala.meta.internal.pc.SignatureHelpProvider$MethodCallTraverser.visit(SignatureHelpProvider.scala:310)
	at scala.meta.internal.pc.SignatureHelpProvider$MethodCallTraverser.traverse(SignatureHelpProvider.scala:304)
	at scala.meta.internal.pc.SignatureHelpProvider$MethodCallTraverser.fromTree(SignatureHelpProvider.scala:273)
	at scala.meta.internal.pc.SignatureHelpProvider.signatureHelp(SignatureHelpProvider.scala:27)

2020.10.11 22:12:12 WARN  no build tool detected in workspace '/home/eisti/RessourceProjetWiki'. The most common cause for this problem is that the editor was opened in the wrong working directory, for example if you use sbt then the workspace directory should contain build.sbt. 
2020.10.11 22:13:30 WARN  no build target for: /home/eisti/ING 2/Programmation/Entrainement/TD2/src/main/scala/maClass.scala
2020.10.11 22:13:33 WARN  no build target for: /home/eisti/ING 2/Programmation/Entrainement/TD2/src/main/scala/test.scala
2020.10.11 22:13:53 WARN  no build target for: /home/eisti/ING 2/Programmation/Entrainement/TD2/src/main/scala/test.scala
Oct 11, 2020 10:14:19 PM scala.meta.internal.pc.completions.Completions completionPosition
SEVERE: null
java.lang.NullPointerException
	at scala.meta.internal.pc.completions.OverrideCompletions$OverrideCompletion.<init>(OverrideCompletions.scala:46)
	at scala.meta.internal.pc.completions.Completions.completionPositionUnsafe(Completions.scala:500)
	at scala.meta.internal.pc.completions.Completions.completionPositionUnsafe$(Completions.scala:409)
	at scala.meta.internal.pc.MetalsGlobal.completionPositionUnsafe(MetalsGlobal.scala:29)
	at scala.meta.internal.pc.completions.Completions.completionPosition(Completions.scala:401)
	at scala.meta.internal.pc.completions.Completions.completionPosition$(Completions.scala:386)
	at scala.meta.internal.pc.MetalsGlobal.completionPosition(MetalsGlobal.scala:29)
	at scala.meta.internal.pc.CompletionProvider.safeCompletionsAt(CompletionProvider.scala:444)
	at scala.meta.internal.pc.CompletionProvider.completions(CompletionProvider.scala:57)
	at scala.meta.internal.pc.ScalaPresentationCompiler.$anonfun$complete$1(ScalaPresentationCompiler.scala:184)
	at scala.meta.internal.pc.CompilerAccess.withSharedCompiler(CompilerAccess.scala:137)
	at scala.meta.internal.pc.CompilerAccess.$anonfun$withInterruptableCompiler$1(CompilerAccess.scala:87)
	at scala.meta.internal.pc.CompilerAccess.$anonfun$onCompilerJobQueue$1(CompilerAccess.scala:197)
	at scala.meta.internal.pc.CompilerJobQueue$Job.run(CompilerJobQueue.scala:103)
	at java.base/java.util.concurrent.ThreadPoolExecutor.runWorker(ThreadPoolExecutor.java:1128)
	at java.base/java.util.concurrent.ThreadPoolExecutor$Worker.run(ThreadPoolExecutor.java:628)
	at java.base/java.lang.Thread.run(Thread.java:834)

Oct 11, 2020 10:14:19 PM scala.meta.internal.pc.completions.Completions completionPosition
SEVERE: null
java.lang.NullPointerException
	at scala.meta.internal.pc.completions.OverrideCompletions$OverrideCompletion.<init>(OverrideCompletions.scala:46)
	at scala.meta.internal.pc.completions.Completions.completionPositionUnsafe(Completions.scala:500)
	at scala.meta.internal.pc.completions.Completions.completionPositionUnsafe$(Completions.scala:409)
	at scala.meta.internal.pc.MetalsGlobal.completionPositionUnsafe(MetalsGlobal.scala:29)
	at scala.meta.internal.pc.completions.Completions.completionPosition(Completions.scala:401)
	at scala.meta.internal.pc.completions.Completions.completionPosition$(Completions.scala:386)
	at scala.meta.internal.pc.MetalsGlobal.completionPosition(MetalsGlobal.scala:29)
	at scala.meta.internal.pc.CompletionProvider.safeCompletionsAt(CompletionProvider.scala:444)
	at scala.meta.internal.pc.CompletionProvider.completions(CompletionProvider.scala:57)
	at scala.meta.internal.pc.ScalaPresentationCompiler.$anonfun$complete$1(ScalaPresentationCompiler.scala:184)
	at scala.meta.internal.pc.CompilerAccess.withSharedCompiler(CompilerAccess.scala:137)
	at scala.meta.internal.pc.CompilerAccess.$anonfun$withInterruptableCompiler$1(CompilerAccess.scala:87)
	at scala.meta.internal.pc.CompilerAccess.$anonfun$onCompilerJobQueue$1(CompilerAccess.scala:197)
	at scala.meta.internal.pc.CompilerJobQueue$Job.run(CompilerJobQueue.scala:103)
	at java.base/java.util.concurrent.ThreadPoolExecutor.runWorker(ThreadPoolExecutor.java:1128)
	at java.base/java.util.concurrent.ThreadPoolExecutor$Worker.run(ThreadPoolExecutor.java:628)
	at java.base/java.lang.Thread.run(Thread.java:834)

Oct 11, 2020 10:14:20 PM scala.meta.internal.pc.completions.Completions completionPosition
SEVERE: null
java.lang.NullPointerException
	at scala.meta.internal.pc.completions.OverrideCompletions$OverrideCompletion.<init>(OverrideCompletions.scala:46)
	at scala.meta.internal.pc.completions.Completions.completionPositionUnsafe(Completions.scala:500)
	at scala.meta.internal.pc.completions.Completions.completionPositionUnsafe$(Completions.scala:409)
	at scala.meta.internal.pc.MetalsGlobal.completionPositionUnsafe(MetalsGlobal.scala:29)
	at scala.meta.internal.pc.completions.Completions.completionPosition(Completions.scala:401)
	at scala.meta.internal.pc.completions.Completions.completionPosition$(Completions.scala:386)
	at scala.meta.internal.pc.MetalsGlobal.completionPosition(MetalsGlobal.scala:29)
	at scala.meta.internal.pc.CompletionProvider.safeCompletionsAt(CompletionProvider.scala:444)
	at scala.meta.internal.pc.CompletionProvider.completions(CompletionProvider.scala:57)
	at scala.meta.internal.pc.ScalaPresentationCompiler.$anonfun$complete$1(ScalaPresentationCompiler.scala:184)
	at scala.meta.internal.pc.CompilerAccess.withSharedCompiler(CompilerAccess.scala:137)
	at scala.meta.internal.pc.CompilerAccess.$anonfun$withInterruptableCompiler$1(CompilerAccess.scala:87)
	at scala.meta.internal.pc.CompilerAccess.$anonfun$onCompilerJobQueue$1(CompilerAccess.scala:197)
	at scala.meta.internal.pc.CompilerJobQueue$Job.run(CompilerJobQueue.scala:103)
	at java.base/java.util.concurrent.ThreadPoolExecutor.runWorker(ThreadPoolExecutor.java:1128)
	at java.base/java.util.concurrent.ThreadPoolExecutor$Worker.run(ThreadPoolExecutor.java:628)
	at java.base/java.lang.Thread.run(Thread.java:834)

Oct 11, 2020 10:14:20 PM scala.meta.internal.pc.completions.Completions completionPosition
SEVERE: null
java.lang.NullPointerException
	at scala.meta.internal.pc.completions.OverrideCompletions$OverrideCompletion.<init>(OverrideCompletions.scala:46)
	at scala.meta.internal.pc.completions.Completions.completionPositionUnsafe(Completions.scala:500)
	at scala.meta.internal.pc.completions.Completions.completionPositionUnsafe$(Completions.scala:409)
	at scala.meta.internal.pc.MetalsGlobal.completionPositionUnsafe(MetalsGlobal.scala:29)
	at scala.meta.internal.pc.completions.Completions.completionPosition(Completions.scala:401)
	at scala.meta.internal.pc.completions.Completions.completionPosition$(Completions.scala:386)
	at scala.meta.internal.pc.MetalsGlobal.completionPosition(MetalsGlobal.scala:29)
	at scala.meta.internal.pc.CompletionProvider.safeCompletionsAt(CompletionProvider.scala:444)
	at scala.meta.internal.pc.CompletionProvider.completions(CompletionProvider.scala:57)
	at scala.meta.internal.pc.ScalaPresentationCompiler.$anonfun$complete$1(ScalaPresentationCompiler.scala:184)
	at scala.meta.internal.pc.CompilerAccess.withSharedCompiler(CompilerAccess.scala:137)
	at scala.meta.internal.pc.CompilerAccess.$anonfun$withInterruptableCompiler$1(CompilerAccess.scala:87)
	at scala.meta.internal.pc.CompilerAccess.$anonfun$onCompilerJobQueue$1(CompilerAccess.scala:197)
	at scala.meta.internal.pc.CompilerJobQueue$Job.run(CompilerJobQueue.scala:103)
	at java.base/java.util.concurrent.ThreadPoolExecutor.runWorker(ThreadPoolExecutor.java:1128)
	at java.base/java.util.concurrent.ThreadPoolExecutor$Worker.run(ThreadPoolExecutor.java:628)
	at java.base/java.lang.Thread.run(Thread.java:834)

Oct 11, 2020 10:14:20 PM scala.meta.internal.pc.completions.Completions completionPosition
SEVERE: null
java.lang.NullPointerException
	at scala.meta.internal.pc.completions.OverrideCompletions$OverrideCompletion.<init>(OverrideCompletions.scala:46)
	at scala.meta.internal.pc.completions.Completions.completionPositionUnsafe(Completions.scala:500)
	at scala.meta.internal.pc.completions.Completions.completionPositionUnsafe$(Completions.scala:409)
	at scala.meta.internal.pc.MetalsGlobal.completionPositionUnsafe(MetalsGlobal.scala:29)
	at scala.meta.internal.pc.completions.Completions.completionPosition(Completions.scala:401)
	at scala.meta.internal.pc.completions.Completions.completionPosition$(Completions.scala:386)
	at scala.meta.internal.pc.MetalsGlobal.completionPosition(MetalsGlobal.scala:29)
	at scala.meta.internal.pc.CompletionProvider.safeCompletionsAt(CompletionProvider.scala:444)
	at scala.meta.internal.pc.CompletionProvider.completions(CompletionProvider.scala:57)
	at scala.meta.internal.pc.ScalaPresentationCompiler.$anonfun$complete$1(ScalaPresentationCompiler.scala:184)
	at scala.meta.internal.pc.CompilerAccess.withSharedCompiler(CompilerAccess.scala:137)
	at scala.meta.internal.pc.CompilerAccess.$anonfun$withInterruptableCompiler$1(CompilerAccess.scala:87)
	at scala.meta.internal.pc.CompilerAccess.$anonfun$onCompilerJobQueue$1(CompilerAccess.scala:197)
	at scala.meta.internal.pc.CompilerJobQueue$Job.run(CompilerJobQueue.scala:103)
	at java.base/java.util.concurrent.ThreadPoolExecutor.runWorker(ThreadPoolExecutor.java:1128)
	at java.base/java.util.concurrent.ThreadPoolExecutor$Worker.run(ThreadPoolExecutor.java:628)
	at java.base/java.lang.Thread.run(Thread.java:834)

Oct 11, 2020 10:14:20 PM scala.meta.internal.pc.completions.Completions completionPosition
SEVERE: null
java.lang.NullPointerException
	at scala.meta.internal.pc.completions.OverrideCompletions$OverrideCompletion.<init>(OverrideCompletions.scala:46)
	at scala.meta.internal.pc.completions.Completions.completionPositionUnsafe(Completions.scala:500)
	at scala.meta.internal.pc.completions.Completions.completionPositionUnsafe$(Completions.scala:409)
	at scala.meta.internal.pc.MetalsGlobal.completionPositionUnsafe(MetalsGlobal.scala:29)
	at scala.meta.internal.pc.completions.Completions.completionPosition(Completions.scala:401)
	at scala.meta.internal.pc.completions.Completions.completionPosition$(Completions.scala:386)
	at scala.meta.internal.pc.MetalsGlobal.completionPosition(MetalsGlobal.scala:29)
	at scala.meta.internal.pc.CompletionProvider.safeCompletionsAt(CompletionProvider.scala:444)
	at scala.meta.internal.pc.CompletionProvider.completions(CompletionProvider.scala:57)
	at scala.meta.internal.pc.ScalaPresentationCompiler.$anonfun$complete$1(ScalaPresentationCompiler.scala:184)
	at scala.meta.internal.pc.CompilerAccess.withSharedCompiler(CompilerAccess.scala:137)
	at scala.meta.internal.pc.CompilerAccess.$anonfun$withInterruptableCompiler$1(CompilerAccess.scala:87)
	at scala.meta.internal.pc.CompilerAccess.$anonfun$onCompilerJobQueue$1(CompilerAccess.scala:197)
	at scala.meta.internal.pc.CompilerJobQueue$Job.run(CompilerJobQueue.scala:103)
	at java.base/java.util.concurrent.ThreadPoolExecutor.runWorker(ThreadPoolExecutor.java:1128)
	at java.base/java.util.concurrent.ThreadPoolExecutor$Worker.run(ThreadPoolExecutor.java:628)
	at java.base/java.lang.Thread.run(Thread.java:834)

2020.10.11 22:14:23 WARN  no build target for: /home/eisti/ING 2/Programmation/Entrainement/TD2/src/main/scala/maClass.scala
2020.10.11 22:14:29 WARN  no build target for: /home/eisti/ING 2/Programmation/Entrainement/TD2/src/main/scala/maClass.scala
2020.10.11 22:14:45 WARN  no build target for: /home/eisti/ING 2/Programmation/Entrainement/TD2/src/main/scala/maClass.scala
2020.10.11 22:15:35 WARN  no build target for: /home/eisti/ING 2/Programmation/Entrainement/TD2/src/main/scala/maClass.scala
2020.10.11 22:15:52 WARN  no build target for: /home/eisti/ING 2/Programmation/Entrainement/TD2/src/main/scala/test.scala
2020.10.11 22:17:03 WARN  no build target for: /home/eisti/ING 2/Programmation/Entrainement/TD2/src/main/scala/maClass.scala
2020.10.11 22:17:38 WARN  no build target for: /home/eisti/ING 2/Programmation/Entrainement/TD2/src/main/scala/maClass.scala
2020.10.11 22:21:50 WARN  no build target for: /home/eisti/ING 2/Programmation/Entrainement/TD2/src/main/scala/maClass.scala
2020.10.11 22:22:06 WARN  no build target for: /home/eisti/ING 2/Programmation/Entrainement/TD2/src/main/scala/maClass.scala
2020.10.11 22:22:17 WARN  no build target for: /home/eisti/ING 2/Programmation/Entrainement/TD2/src/main/scala/maClass.scala
2020.10.11 22:25:09 WARN  no build target for: /home/eisti/ING 2/Programmation/Entrainement/TD2/src/main/scala/maClass.scala
2020.10.11 22:25:21 WARN  no build target for: /home/eisti/ING 2/Programmation/Entrainement/TD2/src/main/scala/test.scala
2020.10.11 22:28:53 WARN  no build target for: /home/eisti/ING 2/Programmation/Entrainement/TD2/src/main/scala/maClass.scala
2020.10.11 22:46:03 WARN  no build target for: /home/eisti/ING 2/Programmation/Entrainement/TD2/src/main/scala/maClass.scala
2020.10.11 22:46:48 WARN  no build target for: /home/eisti/ING 2/Programmation/Entrainement/TD2/src/main/scala/maClass.scala
2020.10.11 22:47:10 WARN  no build target for: /home/eisti/ING 2/Programmation/Entrainement/TD2/src/main/scala/test.scala
Oct 11, 2020 10:47:35 PM scala.meta.internal.pc.completions.Completions completionPosition
SEVERE: null
java.lang.NullPointerException
	at scala.meta.internal.pc.completions.OverrideCompletions$OverrideCompletion.<init>(OverrideCompletions.scala:46)
	at scala.meta.internal.pc.completions.Completions.completionPositionUnsafe(Completions.scala:500)
	at scala.meta.internal.pc.completions.Completions.completionPositionUnsafe$(Completions.scala:409)
	at scala.meta.internal.pc.MetalsGlobal.completionPositionUnsafe(MetalsGlobal.scala:29)
	at scala.meta.internal.pc.completions.Completions.completionPosition(Completions.scala:401)
	at scala.meta.internal.pc.completions.Completions.completionPosition$(Completions.scala:386)
	at scala.meta.internal.pc.MetalsGlobal.completionPosition(MetalsGlobal.scala:29)
	at scala.meta.internal.pc.CompletionProvider.safeCompletionsAt(CompletionProvider.scala:444)
	at scala.meta.internal.pc.CompletionProvider.completions(CompletionProvider.scala:57)
	at scala.meta.internal.pc.ScalaPresentationCompiler.$anonfun$complete$1(ScalaPresentationCompiler.scala:184)
	at scala.meta.internal.pc.CompilerAccess.withSharedCompiler(CompilerAccess.scala:137)
	at scala.meta.internal.pc.CompilerAccess.$anonfun$withInterruptableCompiler$1(CompilerAccess.scala:87)
	at scala.meta.internal.pc.CompilerAccess.$anonfun$onCompilerJobQueue$1(CompilerAccess.scala:197)
	at scala.meta.internal.pc.CompilerJobQueue$Job.run(CompilerJobQueue.scala:103)
	at java.base/java.util.concurrent.ThreadPoolExecutor.runWorker(ThreadPoolExecutor.java:1128)
	at java.base/java.util.concurrent.ThreadPoolExecutor$Worker.run(ThreadPoolExecutor.java:628)
	at java.base/java.lang.Thread.run(Thread.java:834)

Oct 11, 2020 10:47:35 PM scala.meta.internal.pc.completions.Completions completionPosition
SEVERE: null
java.lang.NullPointerException
	at scala.meta.internal.pc.completions.OverrideCompletions$OverrideCompletion.<init>(OverrideCompletions.scala:46)
	at scala.meta.internal.pc.completions.Completions.completionPositionUnsafe(Completions.scala:500)
	at scala.meta.internal.pc.completions.Completions.completionPositionUnsafe$(Completions.scala:409)
	at scala.meta.internal.pc.MetalsGlobal.completionPositionUnsafe(MetalsGlobal.scala:29)
	at scala.meta.internal.pc.completions.Completions.completionPosition(Completions.scala:401)
	at scala.meta.internal.pc.completions.Completions.completionPosition$(Completions.scala:386)
	at scala.meta.internal.pc.MetalsGlobal.completionPosition(MetalsGlobal.scala:29)
	at scala.meta.internal.pc.CompletionProvider.safeCompletionsAt(CompletionProvider.scala:444)
	at scala.meta.internal.pc.CompletionProvider.completions(CompletionProvider.scala:57)
	at scala.meta.internal.pc.ScalaPresentationCompiler.$anonfun$complete$1(ScalaPresentationCompiler.scala:184)
	at scala.meta.internal.pc.CompilerAccess.withSharedCompiler(CompilerAccess.scala:137)
	at scala.meta.internal.pc.CompilerAccess.$anonfun$withInterruptableCompiler$1(CompilerAccess.scala:87)
	at scala.meta.internal.pc.CompilerAccess.$anonfun$onCompilerJobQueue$1(CompilerAccess.scala:197)
	at scala.meta.internal.pc.CompilerJobQueue$Job.run(CompilerJobQueue.scala:103)
	at java.base/java.util.concurrent.ThreadPoolExecutor.runWorker(ThreadPoolExecutor.java:1128)
	at java.base/java.util.concurrent.ThreadPoolExecutor$Worker.run(ThreadPoolExecutor.java:628)
	at java.base/java.lang.Thread.run(Thread.java:834)

Oct 11, 2020 10:47:35 PM scala.meta.internal.pc.completions.Completions completionPosition
SEVERE: null
java.lang.NullPointerException
	at scala.meta.internal.pc.completions.OverrideCompletions$OverrideCompletion.<init>(OverrideCompletions.scala:46)
	at scala.meta.internal.pc.completions.Completions.completionPositionUnsafe(Completions.scala:500)
	at scala.meta.internal.pc.completions.Completions.completionPositionUnsafe$(Completions.scala:409)
	at scala.meta.internal.pc.MetalsGlobal.completionPositionUnsafe(MetalsGlobal.scala:29)
	at scala.meta.internal.pc.completions.Completions.completionPosition(Completions.scala:401)
	at scala.meta.internal.pc.completions.Completions.completionPosition$(Completions.scala:386)
	at scala.meta.internal.pc.MetalsGlobal.completionPosition(MetalsGlobal.scala:29)
	at scala.meta.internal.pc.CompletionProvider.safeCompletionsAt(CompletionProvider.scala:444)
	at scala.meta.internal.pc.CompletionProvider.completions(CompletionProvider.scala:57)
	at scala.meta.internal.pc.ScalaPresentationCompiler.$anonfun$complete$1(ScalaPresentationCompiler.scala:184)
	at scala.meta.internal.pc.CompilerAccess.withSharedCompiler(CompilerAccess.scala:137)
	at scala.meta.internal.pc.CompilerAccess.$anonfun$withInterruptableCompiler$1(CompilerAccess.scala:87)
	at scala.meta.internal.pc.CompilerAccess.$anonfun$onCompilerJobQueue$1(CompilerAccess.scala:197)
	at scala.meta.internal.pc.CompilerJobQueue$Job.run(CompilerJobQueue.scala:103)
	at java.base/java.util.concurrent.ThreadPoolExecutor.runWorker(ThreadPoolExecutor.java:1128)
	at java.base/java.util.concurrent.ThreadPoolExecutor$Worker.run(ThreadPoolExecutor.java:628)
	at java.base/java.lang.Thread.run(Thread.java:834)

Oct 11, 2020 10:47:36 PM scala.meta.internal.pc.completions.Completions completionPosition
SEVERE: null
java.lang.NullPointerException
	at scala.meta.internal.pc.completions.OverrideCompletions$OverrideCompletion.<init>(OverrideCompletions.scala:46)
	at scala.meta.internal.pc.completions.Completions.completionPositionUnsafe(Completions.scala:500)
	at scala.meta.internal.pc.completions.Completions.completionPositionUnsafe$(Completions.scala:409)
	at scala.meta.internal.pc.MetalsGlobal.completionPositionUnsafe(MetalsGlobal.scala:29)
	at scala.meta.internal.pc.completions.Completions.completionPosition(Completions.scala:401)
	at scala.meta.internal.pc.completions.Completions.completionPosition$(Completions.scala:386)
	at scala.meta.internal.pc.MetalsGlobal.completionPosition(MetalsGlobal.scala:29)
	at scala.meta.internal.pc.CompletionProvider.safeCompletionsAt(CompletionProvider.scala:444)
	at scala.meta.internal.pc.CompletionProvider.completions(CompletionProvider.scala:57)
	at scala.meta.internal.pc.ScalaPresentationCompiler.$anonfun$complete$1(ScalaPresentationCompiler.scala:184)
	at scala.meta.internal.pc.CompilerAccess.withSharedCompiler(CompilerAccess.scala:137)
	at scala.meta.internal.pc.CompilerAccess.$anonfun$withInterruptableCompiler$1(CompilerAccess.scala:87)
	at scala.meta.internal.pc.CompilerAccess.$anonfun$onCompilerJobQueue$1(CompilerAccess.scala:197)
	at scala.meta.internal.pc.CompilerJobQueue$Job.run(CompilerJobQueue.scala:103)
	at java.base/java.util.concurrent.ThreadPoolExecutor.runWorker(ThreadPoolExecutor.java:1128)
	at java.base/java.util.concurrent.ThreadPoolExecutor$Worker.run(ThreadPoolExecutor.java:628)
	at java.base/java.lang.Thread.run(Thread.java:834)

Oct 11, 2020 10:47:36 PM scala.meta.internal.pc.completions.Completions completionPosition
SEVERE: null
java.lang.NullPointerException
	at scala.meta.internal.pc.completions.OverrideCompletions$OverrideCompletion.<init>(OverrideCompletions.scala:46)
	at scala.meta.internal.pc.completions.Completions.completionPositionUnsafe(Completions.scala:500)
	at scala.meta.internal.pc.completions.Completions.completionPositionUnsafe$(Completions.scala:409)
	at scala.meta.internal.pc.MetalsGlobal.completionPositionUnsafe(MetalsGlobal.scala:29)
	at scala.meta.internal.pc.completions.Completions.completionPosition(Completions.scala:401)
	at scala.meta.internal.pc.completions.Completions.completionPosition$(Completions.scala:386)
	at scala.meta.internal.pc.MetalsGlobal.completionPosition(MetalsGlobal.scala:29)
	at scala.meta.internal.pc.CompletionProvider.safeCompletionsAt(CompletionProvider.scala:444)
	at scala.meta.internal.pc.CompletionProvider.completions(CompletionProvider.scala:57)
	at scala.meta.internal.pc.ScalaPresentationCompiler.$anonfun$complete$1(ScalaPresentationCompiler.scala:184)
	at scala.meta.internal.pc.CompilerAccess.withSharedCompiler(CompilerAccess.scala:137)
	at scala.meta.internal.pc.CompilerAccess.$anonfun$withInterruptableCompiler$1(CompilerAccess.scala:87)
	at scala.meta.internal.pc.CompilerAccess.$anonfun$onCompilerJobQueue$1(CompilerAccess.scala:197)
	at scala.meta.internal.pc.CompilerJobQueue$Job.run(CompilerJobQueue.scala:103)
	at java.base/java.util.concurrent.ThreadPoolExecutor.runWorker(ThreadPoolExecutor.java:1128)
	at java.base/java.util.concurrent.ThreadPoolExecutor$Worker.run(ThreadPoolExecutor.java:628)
	at java.base/java.lang.Thread.run(Thread.java:834)

Oct 11, 2020 10:47:36 PM scala.meta.internal.pc.completions.Completions completionPosition
SEVERE: null
java.lang.NullPointerException
	at scala.meta.internal.pc.completions.OverrideCompletions$OverrideCompletion.<init>(OverrideCompletions.scala:46)
	at scala.meta.internal.pc.completions.Completions.completionPositionUnsafe(Completions.scala:500)
	at scala.meta.internal.pc.completions.Completions.completionPositionUnsafe$(Completions.scala:409)
	at scala.meta.internal.pc.MetalsGlobal.completionPositionUnsafe(MetalsGlobal.scala:29)
	at scala.meta.internal.pc.completions.Completions.completionPosition(Completions.scala:401)
	at scala.meta.internal.pc.completions.Completions.completionPosition$(Completions.scala:386)
	at scala.meta.internal.pc.MetalsGlobal.completionPosition(MetalsGlobal.scala:29)
	at scala.meta.internal.pc.CompletionProvider.safeCompletionsAt(CompletionProvider.scala:444)
	at scala.meta.internal.pc.CompletionProvider.completions(CompletionProvider.scala:57)
	at scala.meta.internal.pc.ScalaPresentationCompiler.$anonfun$complete$1(ScalaPresentationCompiler.scala:184)
	at scala.meta.internal.pc.CompilerAccess.withSharedCompiler(CompilerAccess.scala:137)
	at scala.meta.internal.pc.CompilerAccess.$anonfun$withInterruptableCompiler$1(CompilerAccess.scala:87)
	at scala.meta.internal.pc.CompilerAccess.$anonfun$onCompilerJobQueue$1(CompilerAccess.scala:197)
	at scala.meta.internal.pc.CompilerJobQueue$Job.run(CompilerJobQueue.scala:103)
	at java.base/java.util.concurrent.ThreadPoolExecutor.runWorker(ThreadPoolExecutor.java:1128)
	at java.base/java.util.concurrent.ThreadPoolExecutor$Worker.run(ThreadPoolExecutor.java:628)
	at java.base/java.lang.Thread.run(Thread.java:834)

2020.10.11 22:47:41 WARN  no build target for: /home/eisti/ING 2/Programmation/Entrainement/TD2/src/main/scala/maClass.scala
2020.10.11 22:47:45 WARN  no build target for: /home/eisti/ING 2/Programmation/Entrainement/TD2/src/main/scala/maClass.scala
Oct 11, 2020 10:56:47 PM scala.meta.internal.pc.completions.Completions completionPosition
SEVERE: null
java.lang.NullPointerException
	at scala.meta.internal.pc.completions.OverrideCompletions$OverrideCompletion.<init>(OverrideCompletions.scala:46)
	at scala.meta.internal.pc.completions.Completions.completionPositionUnsafe(Completions.scala:500)
	at scala.meta.internal.pc.completions.Completions.completionPositionUnsafe$(Completions.scala:409)
	at scala.meta.internal.pc.MetalsGlobal.completionPositionUnsafe(MetalsGlobal.scala:29)
	at scala.meta.internal.pc.completions.Completions.completionPosition(Completions.scala:401)
	at scala.meta.internal.pc.completions.Completions.completionPosition$(Completions.scala:386)
	at scala.meta.internal.pc.MetalsGlobal.completionPosition(MetalsGlobal.scala:29)
	at scala.meta.internal.pc.CompletionProvider.safeCompletionsAt(CompletionProvider.scala:444)
	at scala.meta.internal.pc.CompletionProvider.completions(CompletionProvider.scala:57)
	at scala.meta.internal.pc.ScalaPresentationCompiler.$anonfun$complete$1(ScalaPresentationCompiler.scala:184)
	at scala.meta.internal.pc.CompilerAccess.withSharedCompiler(CompilerAccess.scala:137)
	at scala.meta.internal.pc.CompilerAccess.$anonfun$withInterruptableCompiler$1(CompilerAccess.scala:87)
	at scala.meta.internal.pc.CompilerAccess.$anonfun$onCompilerJobQueue$1(CompilerAccess.scala:197)
	at scala.meta.internal.pc.CompilerJobQueue$Job.run(CompilerJobQueue.scala:103)
	at java.base/java.util.concurrent.ThreadPoolExecutor.runWorker(ThreadPoolExecutor.java:1128)
	at java.base/java.util.concurrent.ThreadPoolExecutor$Worker.run(ThreadPoolExecutor.java:628)
	at java.base/java.lang.Thread.run(Thread.java:834)

Oct 11, 2020 10:56:47 PM scala.meta.internal.pc.completions.Completions completionPosition
SEVERE: null
java.lang.NullPointerException
	at scala.meta.internal.pc.completions.OverrideCompletions$OverrideCompletion.<init>(OverrideCompletions.scala:46)
	at scala.meta.internal.pc.completions.Completions.completionPositionUnsafe(Completions.scala:500)
	at scala.meta.internal.pc.completions.Completions.completionPositionUnsafe$(Completions.scala:409)
	at scala.meta.internal.pc.MetalsGlobal.completionPositionUnsafe(MetalsGlobal.scala:29)
	at scala.meta.internal.pc.completions.Completions.completionPosition(Completions.scala:401)
	at scala.meta.internal.pc.completions.Completions.completionPosition$(Completions.scala:386)
	at scala.meta.internal.pc.MetalsGlobal.completionPosition(MetalsGlobal.scala:29)
	at scala.meta.internal.pc.CompletionProvider.safeCompletionsAt(CompletionProvider.scala:444)
	at scala.meta.internal.pc.CompletionProvider.completions(CompletionProvider.scala:57)
	at scala.meta.internal.pc.ScalaPresentationCompiler.$anonfun$complete$1(ScalaPresentationCompiler.scala:184)
	at scala.meta.internal.pc.CompilerAccess.withSharedCompiler(CompilerAccess.scala:137)
	at scala.meta.internal.pc.CompilerAccess.$anonfun$withInterruptableCompiler$1(CompilerAccess.scala:87)
	at scala.meta.internal.pc.CompilerAccess.$anonfun$onCompilerJobQueue$1(CompilerAccess.scala:197)
	at scala.meta.internal.pc.CompilerJobQueue$Job.run(CompilerJobQueue.scala:103)
	at java.base/java.util.concurrent.ThreadPoolExecutor.runWorker(ThreadPoolExecutor.java:1128)
	at java.base/java.util.concurrent.ThreadPoolExecutor$Worker.run(ThreadPoolExecutor.java:628)
	at java.base/java.lang.Thread.run(Thread.java:834)

2020.10.11 22:56:52 WARN  no build target for: /home/eisti/ING 2/Programmation/Entrainement/TD2/src/main/scala/maClass.scala
2020.10.11 22:59:28 WARN  no build target for: /home/eisti/ING 2/Programmation/Entrainement/TD2/src/main/scala/maClass.scala
2020.10.11 22:59:43 WARN  no build target for: /home/eisti/ING 2/Programmation/Entrainement/TD2/src/main/scala/maClass.scala
Oct 12, 2020 8:08:32 AM org.eclipse.lsp4j.jsonrpc.RemoteEndpoint handleCancellation
WARNING: Unmatched cancel notification for request id 2336
